<?xml version="1.0" encoding="UTF-8"?>
<!-- Generated by org.testng.reporters.JUnitReportReporter -->
<testsuite hostname="ananda-PC" failures="0" tests="3" name="guru99LoginWriteToExcelPoi.SaveTestNGResultToExcel2" time="17.897" errors="0" timestamp="2021-06-26T18:08:15 IST" skipped="0">
  <testcase classname="guru99LoginWriteToExcelPoi.SaveTestNGResultToExcel2" name="LaunchWebsite" time="9.063"/>
  <system-out/>
  <testcase classname="guru99LoginWriteToExcelPoi.SaveTestNGResultToExcel2" name="FillLoginDetails" time="1.391"/>
  <system-out/>
  <testcase classname="guru99LoginWriteToExcelPoi.SaveTestNGResultToExcel2" name="DoLogin" time="7.443"/>
  <system-out/>
</testsuite> <!-- guru99LoginWriteToExcelPoi.SaveTestNGResultToExcel2 -->
