<?xml version="1.0" encoding="UTF-8"?>
<!-- Generated by org.testng.reporters.JUnitReportReporter -->
<testsuite hostname="ananda-PC" failures="0" tests="1" name="guruDay1.GuruDay1" time="148.430" errors="0" timestamp="2021-06-26T10:32:09 IST" skipped="0">
  <testcase classname="guruDay1.GuruDay1" name="login" time="148.430"/>
  <system-out/>
</testsuite> <!-- guruDay1.GuruDay1 -->
