<?xml version="1.0" encoding="UTF-8"?>
<!-- Generated by org.testng.reporters.JUnitReportReporter -->
<testsuite hostname="ananda-PC" failures="0" tests="1" name="SeleniumListeners.ListenersDemo" time="26.149" errors="0" timestamp="2021-06-27T12:16:43 IST" skipped="0">
  <testcase classname="SeleniumListeners.ListenersDemo" name="demoListeners" time="26.149"/>
  <system-out/>
</testsuite> <!-- SeleniumListeners.ListenersDemo -->
