<?xml version="1.0" encoding="UTF-8"?>
<!-- Generated by org.testng.reporters.JUnitReportReporter -->
<testsuite hostname="ananda-PC" failures="0" tests="1" name="log4j.Log4jSeleniumExample" time="46.237" errors="0" timestamp="2021-06-27T12:39:11 IST" skipped="0">
  <testcase classname="log4j.Log4jSeleniumExample" name="log4jTest" time="46.237"/>
  <system-out/>
</testsuite> <!-- log4j.Log4jSeleniumExample -->
