<?xml version="1.0" encoding="UTF-8"?>
<!-- Generated by org.testng.reporters.JUnitReportReporter -->
<testsuite hostname="ananda-PC" failures="0" tests="1" name="SeleniumListeners2.ListenersMainClass" time="44.286" errors="0" timestamp="2021-06-27T12:20:17 IST" skipped="0">
  <testcase classname="SeleniumListeners2.ListenersMainClass" name="listenerTest" time="44.286"/>
  <system-out/>
</testsuite> <!-- SeleniumListeners2.ListenersMainClass -->
