<?xml version="1.0" encoding="UTF-8"?>
<!-- Generated by org.testng.reporters.JUnitReportReporter -->
<testsuite hostname="ananda-PC" failures="0" tests="2" name="TestNGCode.RunningParallelMethods2" time="65.356" errors="0" timestamp="2021-06-26T20:39:28 IST" skipped="0">
  <testcase classname="TestNGCode.RunningParallelMethods2" name="class2test2" time="22.190"/>
  <system-out/>
  <testcase classname="TestNGCode.RunningParallelMethods2" name="class2test1" time="43.166"/>
  <system-out/>
</testsuite> <!-- TestNGCode.RunningParallelMethods2 -->
