<?xml version="1.0" encoding="UTF-8"?>
<!-- Generated by org.testng.reporters.JUnitReportReporter -->
<testsuite hostname="ananda-PC" failures="0" tests="2" name="TestNGCode.RunningParallelClasses2" time="67.449" errors="0" timestamp="2021-06-26T20:47:41 IST" skipped="0">
  <testcase classname="TestNGCode.RunningParallelClasses2" name="class2test1" time="41.232"/>
  <system-out/>
  <testcase classname="TestNGCode.RunningParallelClasses2" name="class2test2" time="26.217"/>
  <system-out/>
</testsuite> <!-- TestNGCode.RunningParallelClasses2 -->
