<?xml version="1.0" encoding="UTF-8"?>
<!-- Generated by org.testng.reporters.JUnitReportReporter -->
<testsuite hostname="ananda-PC" failures="0" tests="3" name="AscendingMethodNames.AscendingMethodNames" time="0.021" errors="0" timestamp="2021-06-26T20:15:37 IST" skipped="0">
  <testcase classname="AscendingMethodNames.AscendingMethodNames" name="test_01" time="0.015"/>
  <system-out/>
  <testcase classname="AscendingMethodNames.AscendingMethodNames" name="test_02" time="0.003"/>
  <system-out/>
  <testcase classname="AscendingMethodNames.AscendingMethodNames" name="test_03" time="0.003"/>
  <system-out/>
</testsuite> <!-- AscendingMethodNames.AscendingMethodNames -->
