<?xml version="1.0" encoding="UTF-8"?>
<!-- Generated by org.testng.reporters.JUnitReportReporter -->
<testsuite hostname="ananda-PC" failures="0" tests="3" name="guru99LoginWriteToExcelPoi.SaveTestNGResultToExcel3withPOM" time="31.016" errors="0" timestamp="2021-06-26T21:46:33 IST" skipped="0">
  <testcase classname="guru99LoginWriteToExcelPoi.SaveTestNGResultToExcel3withPOM" name="LaunchWebsite" time="18.336"/>
  <system-out/>
  <testcase classname="guru99LoginWriteToExcelPoi.SaveTestNGResultToExcel3withPOM" name="FillLoginDetails" time="3.587"/>
  <system-out/>
  <testcase classname="guru99LoginWriteToExcelPoi.SaveTestNGResultToExcel3withPOM" name="DoLogin" time="9.093"/>
  <system-out/>
</testsuite> <!-- guru99LoginWriteToExcelPoi.SaveTestNGResultToExcel3withPOM -->
