<?xml version="1.0" encoding="UTF-8"?>
<!-- Generated by org.testng.reporters.JUnitReportReporter -->
<testsuite hostname="ananda-PC" failures="0" tests="1" name="TestNGCode.ParametersDemo" time="0.015" errors="0" timestamp="2021-06-26T20:56:50 IST" skipped="0">
  <testcase classname="TestNGCode.ParametersDemo" name="login" time="0.015"/>
  <system-out/>
</testsuite> <!-- TestNGCode.ParametersDemo -->
