<?xml version="1.0" encoding="UTF-8"?>
<!-- Generated by org.testng.reporters.JUnitReportReporter -->
<testsuite hostname="ananda-PC" failures="0" tests="2" name="TestNGCode.RunningParallelTests2" time="54.653" errors="0" timestamp="2021-06-26T20:51:49 IST" skipped="0">
  <testcase classname="TestNGCode.RunningParallelTests2" name="class2test1" time="28.416"/>
  <system-out/>
  <testcase classname="TestNGCode.RunningParallelTests2" name="class2test2" time="26.237"/>
  <system-out/>
</testsuite> <!-- TestNGCode.RunningParallelTests2 -->
