<?xml version="1.0" encoding="UTF-8"?>
<!-- Generated by org.testng.reporters.JUnitReportReporter -->
<testsuite hostname="ananda-PC" failures="0" tests="3" name="guru99LoginWriteToExcelPoi.SaveTestNGResultToExcel" time="30.443" errors="0" timestamp="2021-06-26T18:47:30 IST" skipped="0">
  <testcase classname="guru99LoginWriteToExcelPoi.SaveTestNGResultToExcel" name="LaunchWebsite" time="16.849"/>
  <system-out/>
  <testcase classname="guru99LoginWriteToExcelPoi.SaveTestNGResultToExcel" name="FillLoginDetails" time="7.466"/>
  <system-out/>
  <testcase classname="guru99LoginWriteToExcelPoi.SaveTestNGResultToExcel" name="DoLogin" time="6.128"/>
  <system-out/>
</testsuite> <!-- guru99LoginWriteToExcelPoi.SaveTestNGResultToExcel -->
