<?xml version="1.0" encoding="UTF-8"?>
<!-- Generated by org.testng.reporters.JUnitReportReporter -->
<testsuite hostname="ananda-PC" failures="0" tests="1" name="ActionsMouseAndKey.ActionsMouseAndKeyboard" time="16.759" errors="0" timestamp="2021-06-27T11:26:46 IST" skipped="0">
  <testcase classname="ActionsMouseAndKey.ActionsMouseAndKeyboard" name="AcitonsMouse" time="16.759"/>
  <system-out/>
</testsuite> <!-- ActionsMouseAndKey.ActionsMouseAndKeyboard -->
