<?xml version="1.0" encoding="UTF-8"?>
<!-- Generated by org.testng.reporters.JUnitReportReporter -->
<testsuite hostname="ananda-PC" failures="0" tests="1" name="windowHanlding.HandlingMultipleWwindows" time="139.235" errors="0" timestamp="2021-06-28T12:32:24 IST" skipped="0">
  <testcase classname="windowHanlding.HandlingMultipleWwindows" name="HandlingWindows" time="139.235"/>
  <system-out/>
</testsuite> <!-- windowHanlding.HandlingMultipleWwindows -->
