<?xml version="1.0" encoding="UTF-8"?>
<!-- Generated by org.testng.reporters.JUnitReportReporter -->
<testsuite hostname="ananda-PC" failures="0" tests="3" name="TestNGCode.RunningParallelTests1" time="68.767" errors="0" timestamp="2021-06-26T20:51:49 IST" skipped="0">
  <testcase classname="TestNGCode.RunningParallelTests1" name="test3" time="19.591"/>
  <system-out/>
  <testcase classname="TestNGCode.RunningParallelTests1" name="test2" time="24.816"/>
  <system-out/>
  <testcase classname="TestNGCode.RunningParallelTests1" name="test1" time="24.360"/>
  <system-out/>
</testsuite> <!-- TestNGCode.RunningParallelTests1 -->
