<?xml version="1.0" encoding="UTF-8"?>
<!-- Generated by org.testng.reporters.JUnitReportReporter -->
<testsuite hostname="ananda-PC" failures="0" tests="1" name="alerts.AlertDemo" time="209.789" errors="0" timestamp="2021-06-28T13:03:38 IST" skipped="0">
  <testcase classname="alerts.AlertDemo" name="demo" time="209.789"/>
  <system-out/>
</testsuite> <!-- alerts.AlertDemo -->
