<?xml version="1.0" encoding="UTF-8"?>
<!-- Generated by org.testng.reporters.JUnitReportReporter -->
<testsuite hostname="ananda-PC" failures="0" tests="3" name="TestNGCode.RunningParallelClasses1" time="81.488" errors="0" timestamp="2021-06-26T20:47:41 IST" skipped="0">
  <testcase classname="TestNGCode.RunningParallelClasses1" name="test3" time="18.402"/>
  <system-out/>
  <testcase classname="TestNGCode.RunningParallelClasses1" name="test1" time="39.251"/>
  <system-out/>
  <testcase classname="TestNGCode.RunningParallelClasses1" name="test2" time="23.835"/>
  <system-out/>
</testsuite> <!-- TestNGCode.RunningParallelClasses1 -->
