<?xml version="1.0" encoding="UTF-8"?>
<!-- Generated by org.testng.reporters.JUnitReportReporter -->
<testsuite hostname="ananda-PC" failures="0" tests="3" name="guru99LoginWriteToExcelPoi.SaveTestNGResultToExcel3" time="45.699" errors="0" timestamp="2021-06-26T18:42:26 IST" skipped="0">
  <testcase classname="guru99LoginWriteToExcelPoi.SaveTestNGResultToExcel3" name="LaunchWebsite" time="24.583"/>
  <system-out/>
  <testcase classname="guru99LoginWriteToExcelPoi.SaveTestNGResultToExcel3" name="FillLoginDetails" time="8.444"/>
  <system-out/>
  <testcase classname="guru99LoginWriteToExcelPoi.SaveTestNGResultToExcel3" name="DoLogin" time="12.672"/>
  <system-out/>
</testsuite> <!-- guru99LoginWriteToExcelPoi.SaveTestNGResultToExcel3 -->
