<?xml version="1.0" encoding="UTF-8"?>
<!-- Generated by org.testng.reporters.JUnitReportReporter -->
<testsuite hostname="ananda-PC" failures="0" tests="3" name="TestNGCode.RunningParallelMethods" time="336.831" errors="0" timestamp="2021-07-07T21:49:12 IST" skipped="0">
  <testcase classname="TestNGCode.RunningParallelMethods" name="test3" time="111.588"/>
  <system-out/>
  <testcase classname="TestNGCode.RunningParallelMethods" name="test2" time="104.289"/>
  <system-out/>
  <testcase classname="TestNGCode.RunningParallelMethods" name="test1" time="120.954"/>
  <system-out/>
</testsuite> <!-- TestNGCode.RunningParallelMethods -->
